<?xml version="1.0" encoding="UTF-8"?>
<testng-results skipped="0" failed="0" ignored="0" total="1" passed="1">
  <reporter-output>
  </reporter-output>
  <suite name="Default suite" duration-ms="115" started-at="2022-11-04T06:04:32Z" finished-at="2022-11-04T06:04:32Z">
    <groups>
    </groups>
    <test name="Default test" duration-ms="115" started-at="2022-11-04T06:04:32Z" finished-at="2022-11-04T06:04:32Z">
      <class name="org.test.Task">
        <test-method status="PASS" signature="beforeClass()[pri:0, instance:org.test.Task@be92ad]" name="beforeClass" is-config="true" duration-ms="26" started-at="2022-11-04T06:04:32Z" finished-at="2022-11-04T06:04:32Z">
          <reporter-output>
          </reporter-output>
        </test-method> <!-- beforeClass -->
        <test-method status="PASS" signature="test()[pri:0, instance:org.test.Task@be92ad]" name="test" duration-ms="11" started-at="2022-11-04T06:04:32Z" finished-at="2022-11-04T06:04:32Z">
          <reporter-output>
          </reporter-output>
        </test-method> <!-- test -->
        <test-method status="PASS" signature="afterclass()[pri:0, instance:org.test.Task@be92ad]" name="afterclass" is-config="true" duration-ms="0" started-at="2022-11-04T06:04:32Z" finished-at="2022-11-04T06:04:32Z">
          <reporter-output>
          </reporter-output>
        </test-method> <!-- afterclass -->
      </class> <!-- org.test.Task -->
    </test> <!-- Default test -->
  </suite> <!-- Default suite -->
</testng-results>
